[debug] [2025-07-05T17:36:23.792Z] ----------------------------------------------------------------------
[debug] [2025-07-05T17:36:23.798Z] Command:       /Users/steve/.nvm/versions/node/v20.16.0/bin/node /Users/steve/.nvm/versions/node/v20.16.0/bin/firebase init
[debug] [2025-07-05T17:36:23.798Z] CLI Version:   14.9.0
[debug] [2025-07-05T17:36:23.798Z] Platform:      darwin
[debug] [2025-07-05T17:36:23.798Z] Node Version:  v20.16.0
[debug] [2025-07-05T17:36:23.798Z] Time:          Sat Jul 05 2025 13:36:23 GMT-0400 (Eastern Daylight Time)
[debug] [2025-07-05T17:36:23.798Z] ----------------------------------------------------------------------
[debug] 
[debug] [2025-07-05T17:36:23.800Z] > command requires scopes: ["email","openid","https://www.googleapis.com/auth/cloudplatformprojects.readonly","https://www.googleapis.com/auth/firebase","https://www.googleapis.com/auth/cloud-platform"]
[debug] [2025-07-05T17:36:23.800Z] > authorizing via signed-in user (osteve425@gmail.com)
[info] 
     ######## #### ########  ######## ########     ###     ######  ########
     ##        ##  ##     ## ##       ##     ##  ##   ##  ##       ##
     ######    ##  ########  ######   ########  #########  ######  ######
     ##        ##  ##    ##  ##       ##     ## ##     ##       ## ##
     ##       #### ##     ## ######## ########  ##     ##  ######  ########

You're about to initialize a Firebase project in this directory:

  /Users/steve/CS/ig_checker

[info] 
=== Project Setup
[info] 
[info] First, let's associate this project directory with a Firebase project.
[info] You can create multiple project aliases by running firebase use --add, 
[info] but for now we'll just set up a default project.
[info] 
[debug] [2025-07-05T17:41:08.733Z] Checked if tokens are valid: true, expires at: 1751740571496
[debug] [2025-07-05T17:41:08.737Z] Checked if tokens are valid: true, expires at: 1751740571496
[debug] [2025-07-05T17:41:08.740Z] >>> [apiv2][query] GET https://firebase.googleapis.com/v1beta1/projects pageSize=100
[debug] [2025-07-05T17:41:09.315Z] <<< [apiv2][status] GET https://firebase.googleapis.com/v1beta1/projects 200
[debug] [2025-07-05T17:41:09.315Z] <<< [apiv2][body] GET https://firebase.googleapis.com/v1beta1/projects [omitted]
[info] i  Using project database-84b6f (database) 
[info] 
=== Firestore Setup
[info] i  firestore: ensuring required API firestore.googleapis.com is enabled... 
[debug] [2025-07-05T17:41:13.938Z] Checked if tokens are valid: true, expires at: 1751740571496
[debug] [2025-07-05T17:41:13.938Z] Checked if tokens are valid: true, expires at: 1751740571496
[debug] [2025-07-05T17:41:13.939Z] >>> [apiv2][query] GET https://serviceusage.googleapis.com/v1/projects/database-84b6f/services/firestore.googleapis.com [none]
[debug] [2025-07-05T17:41:13.939Z] >>> [apiv2][(partial)header] GET https://serviceusage.googleapis.com/v1/projects/database-84b6f/services/firestore.googleapis.com x-goog-quota-user=projects/database-84b6f
[debug] [2025-07-05T17:41:14.425Z] <<< [apiv2][status] GET https://serviceusage.googleapis.com/v1/projects/database-84b6f/services/firestore.googleapis.com 200
[debug] [2025-07-05T17:41:14.425Z] <<< [apiv2][body] GET https://serviceusage.googleapis.com/v1/projects/database-84b6f/services/firestore.googleapis.com [omitted]
[info] ✔  firestore: required API firestore.googleapis.com is enabled 
[debug] [2025-07-05T17:41:14.434Z] Checked if tokens are valid: true, expires at: 1751740571496
[debug] [2025-07-05T17:41:14.434Z] Checked if tokens are valid: true, expires at: 1751740571496
[debug] [2025-07-05T17:41:14.434Z] >>> [apiv2][query] GET https://firestore.googleapis.com/v1/projects/database-84b6f/databases [none]
[debug] [2025-07-05T17:41:15.036Z] <<< [apiv2][status] GET https://firestore.googleapis.com/v1/projects/database-84b6f/databases 200
[debug] [2025-07-05T17:41:15.036Z] <<< [apiv2][body] GET https://firestore.googleapis.com/v1/projects/database-84b6f/databases {"databases":[{"name":"projects/database-84b6f/databases/(default)","uid":"c4fd5d58-3128-47e4-905e-1bc0b5cdc573","createTime":"2025-07-05T17:23:12.739521Z","updateTime":"2025-07-05T17:23:12.739521Z","locationId":"nam5","type":"FIRESTORE_NATIVE","concurrencyMode":"PESSIMISTIC","versionRetentionPeriod":"3600s","earliestVersionTime":"2025-07-05T17:23:12.739521Z","appEngineIntegrationMode":"DISABLED","keyPrefix":"s","pointInTimeRecoveryEnablement":"POINT_IN_TIME_RECOVERY_DISABLED","deleteProtectionState":"DELETE_PROTECTION_DISABLED","databaseEdition":"STANDARD","freeTier":true,"etag":"II/FhvChpo4DMMHRiOydpo4D"}]}
[info] 
[info] Firestore Security Rules allow you to define how and when to allow
[info] requests. You can keep these rules in your project directory
[info] and publish them with firebase deploy.
[info] 
[debug] [2025-07-05T17:41:23.717Z] Checked if tokens are valid: true, expires at: 1751740571496
[debug] [2025-07-05T17:41:23.717Z] Checked if tokens are valid: true, expires at: 1751740571496
[debug] [2025-07-05T17:41:23.718Z] >>> [apiv2][query] GET https://firebaserules.googleapis.com/v1/projects/database-84b6f/releases pageSize=10&pageToken=
[debug] [2025-07-05T17:41:23.990Z] <<< [apiv2][status] GET https://firebaserules.googleapis.com/v1/projects/database-84b6f/releases 200
[debug] [2025-07-05T17:41:23.991Z] <<< [apiv2][body] GET https://firebaserules.googleapis.com/v1/projects/database-84b6f/releases {"releases":[{"name":"projects/database-84b6f/releases/cloud.firestore","rulesetName":"projects/database-84b6f/rulesets/042a1533-9ad1-4535-be01-f1a70e0d1428","createTime":"2025-07-05T17:23:14.720604Z","updateTime":"2025-07-05T17:23:14.720604Z"}]}
[debug] [2025-07-05T17:41:23.992Z] Checked if tokens are valid: true, expires at: 1751740571496
[debug] [2025-07-05T17:41:23.992Z] Checked if tokens are valid: true, expires at: 1751740571496
[debug] [2025-07-05T17:41:23.993Z] >>> [apiv2][query] GET https://firebaserules.googleapis.com/v1/projects/database-84b6f/rulesets/042a1533-9ad1-4535-be01-f1a70e0d1428 [none]
[debug] [2025-07-05T17:41:24.160Z] <<< [apiv2][status] GET https://firebaserules.googleapis.com/v1/projects/database-84b6f/rulesets/042a1533-9ad1-4535-be01-f1a70e0d1428 200
[debug] [2025-07-05T17:41:24.161Z] <<< [apiv2][body] GET https://firebaserules.googleapis.com/v1/projects/database-84b6f/rulesets/042a1533-9ad1-4535-be01-f1a70e0d1428 [omitted]
[info] i  Downloaded the existing Firestore Security Rules from the Firebase console 
[info] 
[info] Firestore indexes allow you to perform complex queries while
[info] maintaining performance that scales with the size of the result
[info] set. You can keep index definitions in your project directory
[info] and publish them with firebase deploy.
[info] 
[debug] [2025-07-05T17:41:31.928Z] Checked if tokens are valid: true, expires at: 1751740571496
[debug] [2025-07-05T17:41:31.928Z] Checked if tokens are valid: true, expires at: 1751740571496
[debug] [2025-07-05T17:41:31.928Z] Checked if tokens are valid: true, expires at: 1751740571496
[debug] [2025-07-05T17:41:31.928Z] Checked if tokens are valid: true, expires at: 1751740571496
[debug] [2025-07-05T17:41:31.929Z] >>> [apiv2][query] GET https://firestore.googleapis.com/v1/projects/database-84b6f/databases/(default)/collectionGroups/-/indexes [none]
[debug] [2025-07-05T17:41:31.931Z] >>> [apiv2][query] GET https://firestore.googleapis.com/v1/projects/database-84b6f/databases/(default)/collectionGroups/-/fields?filter=indexConfig.usesAncestorConfig=false OR ttlConfig:* [none]
[debug] [2025-07-05T17:41:32.345Z] <<< [apiv2][status] GET https://firestore.googleapis.com/v1/projects/database-84b6f/databases/(default)/collectionGroups/-/indexes 200
[debug] [2025-07-05T17:41:32.345Z] <<< [apiv2][body] GET https://firestore.googleapis.com/v1/projects/database-84b6f/databases/(default)/collectionGroups/-/indexes {}
[debug] [2025-07-05T17:41:32.550Z] <<< [apiv2][status] GET https://firestore.googleapis.com/v1/projects/database-84b6f/databases/(default)/collectionGroups/-/fields?filter=indexConfig.usesAncestorConfig=false OR ttlConfig:* 200
[debug] [2025-07-05T17:41:32.550Z] <<< [apiv2][body] GET https://firestore.googleapis.com/v1/projects/database-84b6f/databases/(default)/collectionGroups/-/fields?filter=indexConfig.usesAncestorConfig=false OR ttlConfig:* {"fields":[{"name":"projects/database-84b6f/databases/(default)/collectionGroups/__default__/fields/*","indexConfig":{"indexes":[{"queryScope":"COLLECTION","fields":[{"fieldPath":"*","order":"ASCENDING"}],"state":"READY"},{"queryScope":"COLLECTION","fields":[{"fieldPath":"*","order":"DESCENDING"}],"state":"READY"},{"queryScope":"COLLECTION","fields":[{"fieldPath":"*","arrayConfig":"CONTAINS"}],"state":"READY"}]}}]}
[info] i  Downloaded the existing Firestore indexes from the Firebase console 
[info] ✔  Wrote firestore.rules 
[info] ✔  Wrote firestore.indexes.json 
[info] 
=== Hosting Setup
[debug] [2025-07-05T17:41:32.556Z] Checked if tokens are valid: true, expires at: 1751740571496
[debug] [2025-07-05T17:41:32.556Z] Checked if tokens are valid: true, expires at: 1751740571496
[debug] [2025-07-05T17:41:32.557Z] >>> [apiv2][query] GET https://firebase.googleapis.com/v1beta1/projects/database-84b6f [none]
[debug] [2025-07-05T17:41:33.060Z] <<< [apiv2][status] GET https://firebase.googleapis.com/v1beta1/projects/database-84b6f 200
[debug] [2025-07-05T17:41:33.060Z] <<< [apiv2][body] GET https://firebase.googleapis.com/v1beta1/projects/database-84b6f {"projectId":"database-84b6f","projectNumber":"964176756219","displayName":"database","name":"projects/database-84b6f","resources":{"hostingSite":"database-84b6f"},"state":"ACTIVE","etag":"1_3e8e7964-cd2a-4290-b678-1d51db9c25e7"}
[info] 
[info] Your public directory is the folder (relative to your project directory) that
[info] will contain Hosting assets to be uploaded with firebase deploy. If you
[info] have a build process for your assets, use your build's output directory.
[info] 
